# JRE version: OpenJDK Runtime Environment (11.0.6+10) (build 11.0.6+10-post-Raspbian-1deb10u1)
# Java VM: OpenJDK Server VM (11.0.6+10-post-Raspbian-1deb10u1, mixed mode, serial gc, linux-)
Heap:
 def new generation   total 203904K, used 0K [0x34c00000, 0x42920000, 0x49c00000)
  eden space 181376K,   0% used [0x34c00000, 0x34c00000, 0x3fd20000)
  from space 22528K,   0% used [0x41320000, 0x41320000, 0x42920000)
  to   space 22528K,   0% used [0x3fd20000, 0x3fd20000, 0x41320000)
 tenured generation   total 465780K, used 371485K [0x49c00000, 0x662dd000, 0x73c00000)
   the space 465780K,  79% used [0x49c00000, 0x606c77d0, 0x606c7800, 0x662dd000)
 Metaspace       used 54956K, capacity 56685K, committed 56704K, reserved 57648K
GC Heap History (20 events):
Event: 2910.574 GC heap after
{Heap after GC invocations=451 (full 4):
 def new generation   total 203904K, used 3197K [0x34c00000, 0x42920000, 0x49c00000)
  eden space 181376K,   0% used [0x34c00000, 0x34c00000, 0x3fd20000)
  from space 22528K,  14% used [0x41320000, 0x4163f440, 0x42920000)
  to   space 22528K,   0% used [0x3fd20000, 0x3fd20000, 0x41320000)
 tenured generation   total 452596K, used 429761K [0x49c00000, 0x655fd000, 0x73c00000)
   the space 452596K,  94% used [0x49c00000, 0x63fb07f0, 0x63fb0800, 0x655fd000)
 Metaspace       used 54934K, capacity 56679K, committed 56704K, reserved 57648K
}
Event: 2919.750 GC heap before
{Heap before GC invocations=451 (full 4):
 def new generation   total 203904K, used 184573K [0x34c00000, 0x42920000, 0x49c00000)
  eden space 181376K, 100% used [0x34c00000, 0x3fd20000, 0x3fd20000)
  from space 22528K,  14% used [0x41320000, 0x4163f440, 0x42920000)
  to   space 22528K,   0% used [0x3fd20000, 0x3fd20000, 0x41320000)
 tenured generation   total 452596K, used 429761K [0x49c00000, 0x655fd000, 0x73c00000)
   the space 452596K,  94% used [0x49c00000, 0x63fb07f0, 0x63fb0800, 0x655fd000)
 Metaspace       used 54934K, capacity 56679K, committed 56704K, reserved 57648K
}
Event: 2919.780 GC heap after
{Heap after GC invocations=452 (full 4):
 def new generation   total 203904K, used 3209K [0x34c00000, 0x42920000, 0x49c00000)
  eden space 181376K,   0% used [0x34c00000, 0x34c00000, 0x3fd20000)
  from space 22528K,  14% used [0x3fd20000, 0x40042720, 0x41320000)
  to   space 22528K,   0% used [0x41320000, 0x41320000, 0x42920000)
 tenured generation   total 452596K, used 429771K [0x49c00000, 0x655fd000, 0x73c00000)
   the space 452596K,  94% used [0x49c00000, 0x63fb2e28, 0x63fb3000, 0x655fd000)
 Metaspace       used 54934K, capacity 56679K, committed 56704K, reserved 57648K
}
Event: 2928.664 GC heap before
{Heap before GC invocations=452 (full 4):
 def new generation   total 203904K, used 184585K [0x34c00000, 0x42920000, 0x49c00000)
  eden space 181376K, 100% used [0x34c00000, 0x3fd20000, 0x3fd20000)
  from space 22528K,  14% used [0x3fd20000, 0x40042720, 0x41320000)
  to   space 22528K,   0% used [0x41320000, 0x41320000, 0x42920000)
 tenured generation   total 452596K, used 429771K [0x49c00000, 0x655fd000, 0x73c00000)
   the space 452596K,  94% used [0x49c00000, 0x63fb2e28, 0x63fb3000, 0x655fd000)
 Metaspace       used 54935K, capacity 56679K, committed 56704K, reserved 57648K
}
Event: 2928.695 GC heap after
{Heap after GC invocations=453 (full 4):
 def new generation   total 203904K, used 3193K [0x34c00000, 0x42920000, 0x49c00000)
  eden space 181376K,   0% used [0x34c00000, 0x34c00000, 0x3fd20000)
  from space 22528K,  14% used [0x41320000, 0x4163e570, 0x42920000)
  to   space 22528K,   0% used [0x3fd20000, 0x3fd20000, 0x41320000)
 tenured generation   total 452596K, used 429788K [0x49c00000, 0x655fd000, 0x73c00000)
   the space 452596K,  94% used [0x49c00000, 0x63fb72f8, 0x63fb7400, 0x655fd000)
 Metaspace       used 54935K, capacity 56679K, committed 56704K, reserved 57648K
}
Event: 2940.617 GC heap before
{Heap before GC invocations=453 (full 4):
 def new generation   total 203904K, used 184569K [0x34c00000, 0x42920000, 0x49c00000)
  eden space 181376K, 100% used [0x34c00000, 0x3fd20000, 0x3fd20000)
  from space 22528K,  14% used [0x41320000, 0x4163e570, 0x42920000)
  to   space 22528K,   0% used [0x3fd20000, 0x3fd20000, 0x41320000)
 tenured generation   total 452596K, used 429788K [0x49c00000, 0x655fd000, 0x73c00000)
   the space 452596K,  94% used [0x49c00000, 0x63fb72f8, 0x63fb7400, 0x655fd000)
 Metaspace       used 54945K, capacity 56679K, committed 56704K, reserved 57648K
}
Event: 2940.663 GC heap after
{Heap after GC invocations=454 (full 4):
 def new generation   total 203904K, used 4167K [0x34c00000, 0x42920000, 0x49c00000)
  eden space 181376K,   0% used [0x34c00000, 0x34c00000, 0x3fd20000)
  from space 22528K,  18% used [0x3fd20000, 0x40131e48, 0x41320000)
  to   space 22528K,   0% used [0x41320000, 0x41320000, 0x42920000)
 tenured generation   total 452596K, used 429819K [0x49c00000, 0x655fd000, 0x73c00000)
   the space 452596K,  94% used [0x49c00000, 0x63fbee58, 0x63fbf000, 0x655fd000)
 Metaspace       used 54945K, capacity 56679K, committed 56704K, reserved 57648K
}
Event: 2953.607 GC heap before
{Heap before GC invocations=454 (full 4):
 def new generation   total 203904K, used 185543K [0x34c00000, 0x42920000, 0x49c00000)
  eden space 181376K, 100% used [0x34c00000, 0x3fd20000, 0x3fd20000)
  from space 22528K,  18% used [0x3fd20000, 0x40131e48, 0x41320000)
  to   space 22528K,   0% used [0x41320000, 0x41320000, 0x42920000)
 tenured generation   total 452596K, used 429819K [0x49c00000, 0x655fd000, 0x73c00000)
   the space 452596K,  94% used [0x49c00000, 0x63fbee58, 0x63fbf000, 0x655fd000)
 Metaspace       used 54948K, capacity 56679K, committed 56704K, reserved 57648K
}
Event: 2953.706 GC heap after
{Heap after GC invocations=455 (full 4):
 def new generation   total 203904K, used 11554K [0x34c00000, 0x42920000, 0x49c00000)
  eden space 181376K,   0% used [0x34c00000, 0x34c00000, 0x3fd20000)
  from space 22528K,  51% used [0x41320000, 0x41e68888, 0x42920000)
  to   space 22528K,   0% used [0x3fd20000, 0x3fd20000, 0x41320000)
 tenured generation   total 452596K, used 429886K [0x49c00000, 0x655fd000, 0x73c00000)
   the space 452596K,  94% used [0x49c00000, 0x63fcfae8, 0x63fcfc00, 0x655fd000)
 Metaspace       used 54948K, capacity 56679K, committed 56704K, reserved 57648K
}
Event: 2960.824 GC heap before
{Heap before GC invocations=455 (full 4):
 def new generation   total 203904K, used 192896K [0x34c00000, 0x42920000, 0x49c00000)
  eden space 181376K,  99% used [0x34c00000, 0x3fd17940, 0x3fd20000)
  from space 22528K,  51% used [0x41320000, 0x41e68888, 0x42920000)
  to   space 22528K,   0% used [0x3fd20000, 0x3fd20000, 0x41320000)
 tenured generation   total 452596K, used 429886K [0x49c00000, 0x655fd000, 0x73c00000)
   the space 452596K,  94% used [0x49c00000, 0x63fcfae8, 0x63fcfc00, 0x655fd000)
 Metaspace       used 54948K, capacity 56679K, committed 56704K, reserved 57648K
}
Event: 2960.943 GC heap after
{Heap after GC invocations=456 (full 4):
 def new generation   total 203904K, used 15508K [0x34c00000, 0x42920000, 0x49c00000)
  eden space 181376K,   0% used [0x34c00000, 0x34c00000, 0x3fd20000)
  from space 22528K,  68% used [0x3fd20000, 0x40c45300, 0x41320000)
  to   space 22528K,   0% used [0x41320000, 0x41320000, 0x42920000)
 tenured generation   total 452596K, used 430189K [0x49c00000, 0x655fd000, 0x73c00000)
   the space 452596K,  95% used [0x49c00000, 0x6401b7a0, 0x6401b800, 0x655fd000)
 Metaspace       used 54948K, capacity 56679K, committed 56704K, reserved 57648K
}
Event: 2967.207 GC heap before
{Heap before GC invocations=456 (full 4):
 def new generation   total 203904K, used 196884K [0x34c00000, 0x42920000, 0x49c00000)
  eden space 181376K, 100% used [0x34c00000, 0x3fd20000, 0x3fd20000)
  from space 22528K,  68% used [0x3fd20000, 0x40c45300, 0x41320000)
  to   space 22528K,   0% used [0x41320000, 0x41320000, 0x42920000)
 tenured generation   total 452596K, used 430189K [0x49c00000, 0x655fd000, 0x73c00000)
   the space 452596K,  95% used [0x49c00000, 0x6401b7a0, 0x6401b800, 0x655fd000)
 Metaspace       used 54948K, capacity 56679K, committed 56704K, reserved 57648K
}
Event: 2967.352 GC heap after
{Heap after GC invocations=457 (full 4):
 def new generation   total 203904K, used 11395K [0x34c00000, 0x42920000, 0x49c00000)
  eden space 181376K,   0% used [0x34c00000, 0x34c00000, 0x3fd20000)
  from space 22528K,  50% used [0x41320000, 0x41e40f10, 0x42920000)
  to   space 22528K,   0% used [0x3fd20000, 0x3fd20000, 0x41320000)
 tenured generation   total 452596K, used 437926K [0x49c00000, 0x655fd000, 0x73c00000)
   the space 452596K,  96% used [0x49c00000, 0x647a9aa8, 0x647a9c00, 0x655fd000)
 Metaspace       used 54948K, capacity 56679K, committed 56704K, reserved 57648K
}
Event: 2974.013 GC heap before
{Heap before GC invocations=457 (full 4):
 def new generation   total 203904K, used 192771K [0x34c00000, 0x42920000, 0x49c00000)
  eden space 181376K, 100% used [0x34c00000, 0x3fd20000, 0x3fd20000)
  from space 22528K,  50% used [0x41320000, 0x41e40f10, 0x42920000)
  to   space 22528K,   0% used [0x3fd20000, 0x3fd20000, 0x41320000)
 tenured generation   total 452596K, used 437926K [0x49c00000, 0x655fd000, 0x73c00000)
   the space 452596K,  96% used [0x49c00000, 0x647a9aa8, 0x647a9c00, 0x655fd000)
 Metaspace       used 54951K, capacity 56679K, committed 56704K, reserved 57648K
}
Event: 2974.115 GC heap after
{Heap after GC invocations=458 (full 4):
 def new generation   total 203904K, used 10187K [0x34c00000, 0x42920000, 0x49c00000)
  eden space 181376K,   0% used [0x34c00000, 0x34c00000, 0x3fd20000)
  from space 22528K,  45% used [0x3fd20000, 0x40712cb0, 0x41320000)
  to   space 22528K,   0% used [0x41320000, 0x41320000, 0x42920000)
 tenured generation   total 452596K, used 442500K [0x49c00000, 0x655fd000, 0x73c00000)
   the space 452596K,  97% used [0x49c00000, 0x64c21130, 0x64c21200, 0x655fd000)
 Metaspace       used 54951K, capacity 56679K, committed 56704K, reserved 57648K
}
Event: 2979.276 GC heap before
{Heap before GC invocations=458 (full 4):
 def new generation   total 203904K, used 191563K [0x34c00000, 0x42920000, 0x49c00000)
  eden space 181376K, 100% used [0x34c00000, 0x3fd20000, 0x3fd20000)
  from space 22528K,  45% used [0x3fd20000, 0x40712cb0, 0x41320000)
  to   space 22528K,   0% used [0x41320000, 0x41320000, 0x42920000)
 tenured generation   total 452596K, used 442500K [0x49c00000, 0x655fd000, 0x73c00000)
   the space 452596K,  97% used [0x49c00000, 0x64c21130, 0x64c21200, 0x655fd000)
 Metaspace       used 54952K, capacity 56681K, committed 56704K, reserved 57648K
}
Event: 2979.367 GC heap after
{Heap after GC invocations=459 (full 4):
 def new generation   total 203904K, used 12668K [0x34c00000, 0x42920000, 0x49c00000)
  eden space 181376K,   0% used [0x34c00000, 0x34c00000, 0x3fd20000)
  from space 22528K,  56% used [0x41320000, 0x41f7f010, 0x42920000)
  to   space 22528K,   0% used [0x3fd20000, 0x3fd20000, 0x41320000)
 tenured generation   total 452596K, used 442500K [0x49c00000, 0x655fd000, 0x73c00000)
   the space 452596K,  97% used [0x49c00000, 0x64c21130, 0x64c21200, 0x655fd000)
 Metaspace       used 54952K, capacity 56681K, committed 56704K, reserved 57648K
}
Event: 2985.390 GC heap before
{Heap before GC invocations=459 (full 4):
 def new generation   total 203904K, used 194044K [0x34c00000, 0x42920000, 0x49c00000)
  eden space 181376K, 100% used [0x34c00000, 0x3fd20000, 0x3fd20000)
  from space 22528K,  56% used [0x41320000, 0x41f7f010, 0x42920000)
  to   space 22528K,   0% used [0x3fd20000, 0x3fd20000, 0x41320000)
 tenured generation   total 452596K, used 442500K [0x49c00000, 0x655fd000, 0x73c00000)
   the space 452596K,  97% used [0x49c00000, 0x64c21130, 0x64c21200, 0x655fd000)
 Metaspace       used 54955K, capacity 56685K, committed 56704K, reserved 57648K
}
Event: 2985.570 GC heap after
{Heap after GC invocations=460 (full 4):
 def new generation   total 203904K, used 20778K [0x34c00000, 0x42920000, 0x49c00000)
  eden space 181376K,   0% used [0x34c00000, 0x34c00000, 0x3fd20000)
  from space 22528K,  92% used [0x3fd20000, 0x4116ab48, 0x41320000)
  to   space 22528K,   0% used [0x41320000, 0x41320000, 0x42920000)
 tenured generation   total 452596K, used 446369K [0x49c00000, 0x655fd000, 0x73c00000)
   the space 452596K,  98% used [0x49c00000, 0x64fe8450, 0x64fe8600, 0x655fd000)
 Metaspace       used 54955K, capacity 56685K, committed 56704K, reserved 57648K
}
Event: 2991.382 GC heap before
{Heap before GC invocations=460 (full 4):
 def new generation   total 203904K, used 202154K [0x34c00000, 0x42920000, 0x49c00000)
  eden space 181376K, 100% used [0x34c00000, 0x3fd20000, 0x3fd20000)
  from space 22528K,  92% used [0x3fd20000, 0x4116ab48, 0x41320000)
  to   space 22528K,   0% used [0x41320000, 0x41320000, 0x42920000)
 tenured generation   total 452596K, used 446369K [0x49c00000, 0x655fd000, 0x73c00000)
   the space 452596K,  98% used [0x49c00000, 0x64fe8450, 0x64fe8600, 0x655fd000)
 Metaspace       used 54956K, capacity 56685K, committed 56704K, reserved 57648K
}

