# JRE version: OpenJDK Runtime Environment (11.0.6+10) (build 11.0.6+10-post-Raspbian-1deb10u1)
# Java VM: OpenJDK Server VM (11.0.6+10-post-Raspbian-1deb10u1, mixed mode, serial gc, linux-)
Heap:
 def new generation   total 245888K, used 0K [0x34c00000, 0x456c0000, 0x49c00000)
  eden space 218624K,   0% used [0x34c00000, 0x34c00000, 0x42180000)
  from space 27264K,   0% used [0x43c20000, 0x43c20000, 0x456c0000)
  to   space 27264K,   0% used [0x42180000, 0x42180000, 0x43c20000)
 tenured generation   total 546780K, used 477316K [0x49c00000, 0x6b1f7000, 0x73c00000)
   the space 546780K,  87% used [0x49c00000, 0x66e212c0, 0x66e21400, 0x6b1f7000)
 Metaspace       used 55383K, capacity 57150K, committed 57164K, reserved 57648K
GC Heap History (20 events):
Event: 4708.815 GC heap after
{Heap after GC invocations=758 (full 5):
 def new generation   total 245888K, used 16187K [0x34c00000, 0x456c0000, 0x49c00000)
  eden space 218624K,   0% used [0x34c00000, 0x34c00000, 0x42180000)
  from space 27264K,  59% used [0x43c20000, 0x44beef38, 0x456c0000)
  to   space 27264K,   0% used [0x42180000, 0x42180000, 0x43c20000)
 tenured generation   total 546140K, used 523703K [0x49c00000, 0x6b157000, 0x73c00000)
   the space 546140K,  95% used [0x49c00000, 0x69b6dff8, 0x69b6e000, 0x6b157000)
 Metaspace       used 55381K, capacity 57148K, committed 57164K, reserved 57648K
}
Event: 4713.264 GC heap before
{Heap before GC invocations=758 (full 5):
 def new generation   total 245888K, used 234811K [0x34c00000, 0x456c0000, 0x49c00000)
  eden space 218624K, 100% used [0x34c00000, 0x42180000, 0x42180000)
  from space 27264K,  59% used [0x43c20000, 0x44beef38, 0x456c0000)
  to   space 27264K,   0% used [0x42180000, 0x42180000, 0x43c20000)
 tenured generation   total 546140K, used 523703K [0x49c00000, 0x6b157000, 0x73c00000)
   the space 546140K,  95% used [0x49c00000, 0x69b6dff8, 0x69b6e000, 0x6b157000)
 Metaspace       used 55381K, capacity 57148K, committed 57164K, reserved 57648K
}
Event: 4713.354 GC heap after
{Heap after GC invocations=759 (full 5):
 def new generation   total 245888K, used 12678K [0x34c00000, 0x456c0000, 0x49c00000)
  eden space 218624K,   0% used [0x34c00000, 0x34c00000, 0x42180000)
  from space 27264K,  46% used [0x42180000, 0x42de1940, 0x43c20000)
  to   space 27264K,   0% used [0x43c20000, 0x43c20000, 0x456c0000)
 tenured generation   total 546140K, used 529134K [0x49c00000, 0x6b157000, 0x73c00000)
   the space 546140K,  96% used [0x49c00000, 0x6a0bbae8, 0x6a0bbc00, 0x6b157000)
 Metaspace       used 55381K, capacity 57148K, committed 57164K, reserved 57648K
}
Event: 4720.286 GC heap before
{Heap before GC invocations=759 (full 5):
 def new generation   total 245888K, used 231302K [0x34c00000, 0x456c0000, 0x49c00000)
  eden space 218624K, 100% used [0x34c00000, 0x42180000, 0x42180000)
  from space 27264K,  46% used [0x42180000, 0x42de1940, 0x43c20000)
  to   space 27264K,   0% used [0x43c20000, 0x43c20000, 0x456c0000)
 tenured generation   total 546140K, used 529134K [0x49c00000, 0x6b157000, 0x73c00000)
   the space 546140K,  96% used [0x49c00000, 0x6a0bbae8, 0x6a0bbc00, 0x6b157000)
 Metaspace       used 55381K, capacity 57148K, committed 57164K, reserved 57648K
}
Event: 4720.363 GC heap after
{Heap after GC invocations=760 (full 5):
 def new generation   total 245888K, used 15030K [0x34c00000, 0x456c0000, 0x49c00000)
  eden space 218624K,   0% used [0x34c00000, 0x34c00000, 0x42180000)
  from space 27264K,  55% used [0x43c20000, 0x44acd970, 0x456c0000)
  to   space 27264K,   0% used [0x42180000, 0x42180000, 0x43c20000)
 tenured generation   total 546140K, used 529134K [0x49c00000, 0x6b157000, 0x73c00000)
   the space 546140K,  96% used [0x49c00000, 0x6a0bbae8, 0x6a0bbc00, 0x6b157000)
 Metaspace       used 55381K, capacity 57148K, committed 57164K, reserved 57648K
}
Event: 4723.683 GC heap before
{Heap before GC invocations=760 (full 5):
 def new generation   total 245888K, used 233654K [0x34c00000, 0x456c0000, 0x49c00000)
  eden space 218624K, 100% used [0x34c00000, 0x42180000, 0x42180000)
  from space 27264K,  55% used [0x43c20000, 0x44acd970, 0x456c0000)
  to   space 27264K,   0% used [0x42180000, 0x42180000, 0x43c20000)
 tenured generation   total 546140K, used 529134K [0x49c00000, 0x6b157000, 0x73c00000)
   the space 546140K,  96% used [0x49c00000, 0x6a0bbae8, 0x6a0bbc00, 0x6b157000)
 Metaspace       used 55381K, capacity 57148K, committed 57164K, reserved 57648K
}
Event: 4723.761 GC heap after
{Heap after GC invocations=761 (full 5):
 def new generation   total 245888K, used 14494K [0x34c00000, 0x456c0000, 0x49c00000)
  eden space 218624K,   0% used [0x34c00000, 0x34c00000, 0x42180000)
  from space 27264K,  53% used [0x42180000, 0x42fa7900, 0x43c20000)
  to   space 27264K,   0% used [0x43c20000, 0x43c20000, 0x456c0000)
 tenured generation   total 546140K, used 530817K [0x49c00000, 0x6b157000, 0x73c00000)
   the space 546140K,  97% used [0x49c00000, 0x6a2605c8, 0x6a260600, 0x6b157000)
 Metaspace       used 55381K, capacity 57148K, committed 57164K, reserved 57648K
}
Event: 4728.498 GC heap before
{Heap before GC invocations=761 (full 5):
 def new generation   total 245888K, used 232905K [0x34c00000, 0x456c0000, 0x49c00000)
  eden space 218624K,  99% used [0x34c00000, 0x4214ad80, 0x42180000)
  from space 27264K,  53% used [0x42180000, 0x42fa7900, 0x43c20000)
  to   space 27264K,   0% used [0x43c20000, 0x43c20000, 0x456c0000)
 tenured generation   total 546140K, used 530817K [0x49c00000, 0x6b157000, 0x73c00000)
   the space 546140K,  97% used [0x49c00000, 0x6a2605c8, 0x6a260600, 0x6b157000)
 Metaspace       used 55381K, capacity 57148K, committed 57164K, reserved 57648K
}
Event: 4728.625 GC heap after
{Heap after GC invocations=762 (full 5):
 def new generation   total 245888K, used 17743K [0x34c00000, 0x456c0000, 0x49c00000)
  eden space 218624K,   0% used [0x34c00000, 0x34c00000, 0x42180000)
  from space 27264K,  65% used [0x43c20000, 0x44d73d10, 0x456c0000)
  to   space 27264K,   0% used [0x42180000, 0x42180000, 0x43c20000)
 tenured generation   total 546140K, used 532361K [0x49c00000, 0x6b157000, 0x73c00000)
   the space 546140K,  97% used [0x49c00000, 0x6a3e2730, 0x6a3e2800, 0x6b157000)
 Metaspace       used 55381K, capacity 57148K, committed 57164K, reserved 57648K
}
Event: 4733.133 GC heap before
{Heap before GC invocations=762 (full 5):
 def new generation   total 245888K, used 235985K [0x34c00000, 0x456c0000, 0x49c00000)
  eden space 218624K,  99% used [0x34c00000, 0x42120890, 0x42180000)
  from space 27264K,  65% used [0x43c20000, 0x44d73d10, 0x456c0000)
  to   space 27264K,   0% used [0x42180000, 0x42180000, 0x43c20000)
 tenured generation   total 546140K, used 532361K [0x49c00000, 0x6b157000, 0x73c00000)
   the space 546140K,  97% used [0x49c00000, 0x6a3e2730, 0x6a3e2800, 0x6b157000)
 Metaspace       used 55381K, capacity 57148K, committed 57164K, reserved 57648K
}
Event: 4733.256 GC heap after
{Heap after GC invocations=763 (full 5):
 def new generation   total 245888K, used 14843K [0x34c00000, 0x456c0000, 0x49c00000)
  eden space 218624K,   0% used [0x34c00000, 0x34c00000, 0x42180000)
  from space 27264K,  54% used [0x42180000, 0x42ffeff0, 0x43c20000)
  to   space 27264K,   0% used [0x43c20000, 0x43c20000, 0x456c0000)
 tenured generation   total 546140K, used 537424K [0x49c00000, 0x6b157000, 0x73c00000)
   the space 546140K,  98% used [0x49c00000, 0x6a8d4180, 0x6a8d4200, 0x6b157000)
 Metaspace       used 55381K, capacity 57148K, committed 57164K, reserved 57648K
}
Event: 4737.883 GC heap before
{Heap before GC invocations=763 (full 5):
 def new generation   total 245888K, used 233467K [0x34c00000, 0x456c0000, 0x49c00000)
  eden space 218624K, 100% used [0x34c00000, 0x42180000, 0x42180000)
  from space 27264K,  54% used [0x42180000, 0x42ffeff0, 0x43c20000)
  to   space 27264K,   0% used [0x43c20000, 0x43c20000, 0x456c0000)
 tenured generation   total 546140K, used 537424K [0x49c00000, 0x6b157000, 0x73c00000)
   the space 546140K,  98% used [0x49c00000, 0x6a8d4180, 0x6a8d4200, 0x6b157000)
 Metaspace       used 55381K, capacity 57148K, committed 57164K, reserved 57648K
}
Event: 4737.991 GC heap after
{Heap after GC invocations=764 (full 5):
 def new generation   total 245888K, used 15160K [0x34c00000, 0x456c0000, 0x49c00000)
  eden space 218624K,   0% used [0x34c00000, 0x34c00000, 0x42180000)
  from space 27264K,  55% used [0x43c20000, 0x44aee328, 0x456c0000)
  to   space 27264K,   0% used [0x42180000, 0x42180000, 0x43c20000)
 tenured generation   total 546140K, used 539285K [0x49c00000, 0x6b157000, 0x73c00000)
   the space 546140K,  98% used [0x49c00000, 0x6aaa54c0, 0x6aaa5600, 0x6b157000)
 Metaspace       used 55381K, capacity 57148K, committed 57164K, reserved 57648K
}
Event: 4743.185 GC heap before
{Heap before GC invocations=764 (full 5):
 def new generation   total 245888K, used 233784K [0x34c00000, 0x456c0000, 0x49c00000)
  eden space 218624K, 100% used [0x34c00000, 0x42180000, 0x42180000)
  from space 27264K,  55% used [0x43c20000, 0x44aee328, 0x456c0000)
  to   space 27264K,   0% used [0x42180000, 0x42180000, 0x43c20000)
 tenured generation   total 546140K, used 539285K [0x49c00000, 0x6b157000, 0x73c00000)
   the space 546140K,  98% used [0x49c00000, 0x6aaa54c0, 0x6aaa5600, 0x6b157000)
 Metaspace       used 55381K, capacity 57148K, committed 57164K, reserved 57648K
}
Event: 4743.298 GC heap after
{Heap after GC invocations=765 (full 5):
 def new generation   total 245888K, used 13961K [0x34c00000, 0x456c0000, 0x49c00000)
  eden space 218624K,   0% used [0x34c00000, 0x34c00000, 0x42180000)
  from space 27264K,  51% used [0x42180000, 0x42f22528, 0x43c20000)
  to   space 27264K,   0% used [0x43c20000, 0x43c20000, 0x456c0000)
 tenured generation   total 546140K, used 541628K [0x49c00000, 0x6b157000, 0x73c00000)
   the space 546140K,  99% used [0x49c00000, 0x6acef198, 0x6acef200, 0x6b157000)
 Metaspace       used 55381K, capacity 57148K, committed 57164K, reserved 57648K
}
Event: 4747.240 GC heap before
{Heap before GC invocations=765 (full 5):
 def new generation   total 245888K, used 232585K [0x34c00000, 0x456c0000, 0x49c00000)
  eden space 218624K, 100% used [0x34c00000, 0x42180000, 0x42180000)
  from space 27264K,  51% used [0x42180000, 0x42f22528, 0x43c20000)
  to   space 27264K,   0% used [0x43c20000, 0x43c20000, 0x456c0000)
 tenured generation   total 546140K, used 541628K [0x49c00000, 0x6b157000, 0x73c00000)
   the space 546140K,  99% used [0x49c00000, 0x6acef198, 0x6acef200, 0x6b157000)
 Metaspace       used 55383K, capacity 57150K, committed 57164K, reserved 57648K
}
Event: 4747.343 GC heap after
{Heap after GC invocations=766 (full 5):
 def new generation   total 245888K, used 13590K [0x34c00000, 0x456c0000, 0x49c00000)
  eden space 218624K,   0% used [0x34c00000, 0x34c00000, 0x42180000)
  from space 27264K,  49% used [0x43c20000, 0x44965920, 0x456c0000)
  to   space 27264K,   0% used [0x42180000, 0x42180000, 0x43c20000)
 tenured generation   total 546140K, used 542807K [0x49c00000, 0x6b157000, 0x73c00000)
   the space 546140K,  99% used [0x49c00000, 0x6ae15d60, 0x6ae15e00, 0x6b157000)
 Metaspace       used 55383K, capacity 57150K, committed 57164K, reserved 57648K
}
Event: 4750.806 GC heap before
{Heap before GC invocations=766 (full 5):
 def new generation   total 245888K, used 232214K [0x34c00000, 0x456c0000, 0x49c00000)
  eden space 218624K, 100% used [0x34c00000, 0x42180000, 0x42180000)
  from space 27264K,  49% used [0x43c20000, 0x44965920, 0x456c0000)
  to   space 27264K,   0% used [0x42180000, 0x42180000, 0x43c20000)
 tenured generation   total 546140K, used 542807K [0x49c00000, 0x6b157000, 0x73c00000)
   the space 546140K,  99% used [0x49c00000, 0x6ae15d60, 0x6ae15e00, 0x6b157000)
 Metaspace       used 55383K, capacity 57150K, committed 57164K, reserved 57648K
}
Event: 4750.908 GC heap after
{Heap after GC invocations=767 (full 5):
 def new generation   total 245888K, used 15157K [0x34c00000, 0x456c0000, 0x49c00000)
  eden space 218624K,   0% used [0x34c00000, 0x34c00000, 0x42180000)
  from space 27264K,  55% used [0x42180000, 0x4304d7f8, 0x43c20000)
  to   space 27264K,   0% used [0x43c20000, 0x43c20000, 0x456c0000)
 tenured generation   total 546140K, used 542807K [0x49c00000, 0x6b157000, 0x73c00000)
   the space 546140K,  99% used [0x49c00000, 0x6ae15d60, 0x6ae15e00, 0x6b157000)
 Metaspace       used 55383K, capacity 57150K, committed 57164K, reserved 57648K
}
Event: 4754.676 GC heap before
{Heap before GC invocations=767 (full 5):
 def new generation   total 245888K, used 233781K [0x34c00000, 0x456c0000, 0x49c00000)
  eden space 218624K, 100% used [0x34c00000, 0x42180000, 0x42180000)
  from space 27264K,  55% used [0x42180000, 0x4304d7f8, 0x43c20000)
  to   space 27264K,   0% used [0x43c20000, 0x43c20000, 0x456c0000)
 tenured generation   total 546140K, used 542807K [0x49c00000, 0x6b157000, 0x73c00000)
   the space 546140K,  99% used [0x49c00000, 0x6ae15d60, 0x6ae15e00, 0x6b157000)
 Metaspace       used 55383K, capacity 57150K, committed 57164K, reserved 57648K
}

